<?xml version="1.0" encoding="UTF-8"?>
<!-- Generated by org.testng.reporters.JUnitReportReporter -->
<testsuite skipped="0" hostname="DESKTOP-G25I8C3" name="classes.BankTest" tests="1" failures="0" timestamp="2021-03-17T10:25:42 GMT" time="0.015" errors="0">
  <testcase name="f" time="0.015" classname="classes.BankTest"/>
  <system-out/>
</testsuite> <!-- classes.BankTest -->
